d:\final_hw\mainwidget\x64\release\moc_cropwidget.obj
d:\final_hw\mainwidget\x64\release\qrc_mainwidget.obj
d:\final_hw\mainwidget\x64\release\moc_mainwidget.obj
d:\final_hw\mainwidget\x64\release\xueguan.obj
d:\final_hw\mainwidget\x64\release\mainwidget.obj
d:\final_hw\mainwidget\x64\release\interactorstylecenterline.obj
d:\final_hw\mainwidget\x64\release\gpumake.obj
d:\final_hw\mainwidget\x64\release\cropwidget.obj
d:\final_hw\mainwidget\x64\release\gpuwidget.obj
d:\final_hw\mainwidget\x64\release\centerline.obj
d:\final_hw\mainwidget\x64\release\main.obj
d:\final_hw\mainwidget\x64\release\showdicom.obj
d:\final_hw\mainwidget\x64\release\mainwidget.exe
d:\final_hw\mainwidget\x64\release\uic\ui_cropwidget.h
d:\final_hw\mainwidget\x64\release\uic\ui_mainwidget.h
d:\final_hw\mainwidget\x64\release\uic\ui_widget.h
d:\final_hw\mainwidget\x64\release\rcc\qrc_mainwidget.cpp
d:\final_hw\mainwidget\x64\release\moc\moc_mainwidget.cpp
d:\final_hw\mainwidget\x64\release\moc\moc_cropwidget.cpp
d:\final_hw\mainwidget\x64\release\mainwidget.tlog\cl.command.1.tlog
d:\final_hw\mainwidget\x64\release\mainwidget.tlog\cl.read.1.tlog
d:\final_hw\mainwidget\x64\release\mainwidget.tlog\cl.write.1.tlog
d:\final_hw\mainwidget\x64\release\mainwidget.tlog\link.command.1.tlog
d:\final_hw\mainwidget\x64\release\mainwidget.tlog\link.read.1.tlog
d:\final_hw\mainwidget\x64\release\mainwidget.tlog\link.write.1.tlog
d:\final_hw\mainwidget\x64\release\mainwidget.tlog\mainwidget.write.1u.tlog
d:\final_hw\mainwidget\x64\release\mainwidget.tlog\moc.read.1u.tlog
d:\final_hw\mainwidget\x64\release\mainwidget.tlog\moc.write.1u.tlog
d:\final_hw\mainwidget\x64\release\mainwidget.tlog\rcc.read.1u.tlog
d:\final_hw\mainwidget\x64\release\mainwidget.tlog\rcc.write.1u.tlog
d:\final_hw\mainwidget\x64\release\mainwidget.tlog\uic.read.1u.tlog
d:\final_hw\mainwidget\x64\release\mainwidget.tlog\uic.write.1u.tlog
